Building DAG of jobs...
Using shell: /usr/bin/bash
Provided cores: 40
Rules claiming more threads will be scaled down.
Job stats:
job                            count
---------------------------  -------
all                                1
download_genome                    1
extract_putatEVEs                  1
extract_validatEVEs                1
mask_putatEVEs                     1
masksearch_putatEVEs               1
retrosearch_putatEVEs_merge        1
retrosearch_putatEVEs_udb          1
retrosearch_putatEVEs_vdb          1
search_assemblies                  1
taxize_putatEVEs                   1
validate_putatEVEs                 1
total                             12

Select jobs to execute...
Execute 1 jobs...

[Tue Sep 24 20:24:57 2024]
localrule download_genome:
    output: genomes/GCA_943734665.2_idAnoAquaMG_Q_19.2_genomic.fna.fna, genomes/GCA_943734665.2_idAnoAquaMG_Q_19.2_genomic.fna.htm
    log: genomes/GCA_943734665.2_idAnoAquaMG_Q_19.2_genomic.fna.log
    jobid: 5
    reason: Missing output files: genomes/GCA_943734665.2_idAnoAquaMG_Q_19.2_genomic.fna.fna
    wildcards: asm=GCA_943734665.2_idAnoAquaMG_Q_19.2_genomic.fna
    threads: 24
    resources: tmpdir=/tmp

[Tue Sep 24 20:24:58 2024]
Error in rule download_genome:
    jobid: 5
    output: genomes/GCA_943734665.2_idAnoAquaMG_Q_19.2_genomic.fna.fna, genomes/GCA_943734665.2_idAnoAquaMG_Q_19.2_genomic.fna.htm
    log: genomes/GCA_943734665.2_idAnoAquaMG_Q_19.2_genomic.fna.log (check log file(s) for error details)
    shell:
        /media/nbrait/Data/EVE_PIPELINE/new_detectEVE/detectEVE/workflow/scripts/download-traces.sh GCA_943734665.2_idAnoAquaMG_Q_19.2_genomic.fna genomes/GCA_943734665.2_idAnoAquaMG_Q_19.2_genomic.fna.htm > genomes/GCA_943734665.2_idAnoAquaMG_Q_19.2_genomic.fna.fna 2> genomes/GCA_943734665.2_idAnoAquaMG_Q_19.2_genomic.fna.log
        (one of the commands exited with non-zero exit code; note that snakemake uses bash strict mode!)

Removing output files of failed job download_genome since they might be corrupted:
genomes/GCA_943734665.2_idAnoAquaMG_Q_19.2_genomic.fna.fna, genomes/GCA_943734665.2_idAnoAquaMG_Q_19.2_genomic.fna.htm
Exiting because a job execution failed. Look above for error message
Complete log: .snakemake/log/2024-09-24T202457.591663.snakemake.log
WorkflowError:
At least one job did not complete successfully.
